2025-02-27 21:24:26,069 [Worker-7: Loading available Gradle versions] INFO  o.e.b.c.i.u.g.PublishedGradleVersions - Gradle version information cache is out-of-date. Trying to update.
2025-03-06 20:54:30,490 [Worker-9: Loading available Gradle versions] INFO  o.e.b.c.i.u.g.PublishedGradleVersions - Gradle version information cache is out-of-date. Trying to update.
2025-03-06 21:54:46,137 [Worker-34: Launching mavenrun-44a8e77c-82e3-49d7-9eb2-2d28feef864a] INFO  o.eclipse.m2e.core.internal.Bundles - getClasspathEntries(Bundle=org.eclipse.m2e.maven.runtime_3.9.500.20231113-2345 [298])
2025-03-06 21:54:46,141 [Worker-34: Launching mavenrun-44a8e77c-82e3-49d7-9eb2-2d28feef864a] INFO  o.eclipse.m2e.core.internal.Bundles - 	Entry: D:\Aniket\STUDY\Java\Hibernate\Eclipse\plugins\org.eclipse.m2e.maven.runtime_3.9.500.20231113-2345
2025-03-06 21:54:46,142 [Worker-34: Launching mavenrun-44a8e77c-82e3-49d7-9eb2-2d28feef864a] INFO  o.eclipse.m2e.core.internal.Bundles - 	Entry: D:\Aniket\STUDY\Java\Hibernate\Eclipse\plugins\org.eclipse.m2e.maven.runtime_3.9.500.20231113-2345\jars\aopalliance-1.0.jar
2025-03-06 21:54:46,142 [Worker-34: Launching mavenrun-44a8e77c-82e3-49d7-9eb2-2d28feef864a] INFO  o.eclipse.m2e.core.internal.Bundles - 	Entry: D:\Aniket\STUDY\Java\Hibernate\Eclipse\plugins\org.eclipse.m2e.maven.runtime_3.9.500.20231113-2345\jars\guice-5.1.0.jar
2025-03-06 21:54:46,142 [Worker-34: Launching mavenrun-44a8e77c-82e3-49d7-9eb2-2d28feef864a] INFO  o.eclipse.m2e.core.internal.Bundles - 	Entry: D:\Aniket\STUDY\Java\Hibernate\Eclipse\plugins\org.eclipse.m2e.maven.runtime_3.9.500.20231113-2345\jars\httpclient-4.5.14.jar
2025-03-06 21:54:46,142 [Worker-34: Launching mavenrun-44a8e77c-82e3-49d7-9eb2-2d28feef864a] INFO  o.eclipse.m2e.core.internal.Bundles - 	Entry: D:\Aniket\STUDY\Java\Hibernate\Eclipse\plugins\org.eclipse.m2e.maven.runtime_3.9.500.20231113-2345\jars\httpcore-4.4.16.jar
2025-03-06 21:54:46,142 [Worker-34: Launching mavenrun-44a8e77c-82e3-49d7-9eb2-2d28feef864a] INFO  o.eclipse.m2e.core.internal.Bundles - 	Entry: D:\Aniket\STUDY\Java\Hibernate\Eclipse\plugins\org.eclipse.m2e.maven.runtime_3.9.500.20231113-2345\jars\jansi-2.4.0.jar
2025-03-06 21:54:46,142 [Worker-34: Launching mavenrun-44a8e77c-82e3-49d7-9eb2-2d28feef864a] INFO  o.eclipse.m2e.core.internal.Bundles - 	Entry: D:\Aniket\STUDY\Java\Hibernate\Eclipse\plugins\org.eclipse.m2e.maven.runtime_3.9.500.20231113-2345\jars\jcl-over-slf4j-1.7.36.jar
2025-03-06 21:54:46,142 [Worker-34: Launching mavenrun-44a8e77c-82e3-49d7-9eb2-2d28feef864a] INFO  o.eclipse.m2e.core.internal.Bundles - 	Entry: D:\Aniket\STUDY\Java\Hibernate\Eclipse\plugins\org.eclipse.m2e.maven.runtime_3.9.500.20231113-2345\jars\maven-artifact-3.9.5.jar
2025-03-06 21:54:46,142 [Worker-34: Launching mavenrun-44a8e77c-82e3-49d7-9eb2-2d28feef864a] INFO  o.eclipse.m2e.core.internal.Bundles - 	Entry: D:\Aniket\STUDY\Java\Hibernate\Eclipse\plugins\org.eclipse.m2e.maven.runtime_3.9.500.20231113-2345\jars\maven-builder-support-3.9.5.jar
2025-03-06 21:54:46,142 [Worker-34: Launching mavenrun-44a8e77c-82e3-49d7-9eb2-2d28feef864a] INFO  o.eclipse.m2e.core.internal.Bundles - 	Entry: D:\Aniket\STUDY\Java\Hibernate\Eclipse\plugins\org.eclipse.m2e.maven.runtime_3.9.500.20231113-2345\jars\maven-compat-3.9.5.jar
2025-03-06 21:54:46,142 [Worker-34: Launching mavenrun-44a8e77c-82e3-49d7-9eb2-2d28feef864a] INFO  o.eclipse.m2e.core.internal.Bundles - 	Entry: D:\Aniket\STUDY\Java\Hibernate\Eclipse\plugins\org.eclipse.m2e.maven.runtime_3.9.500.20231113-2345\jars\maven-core-3.9.5.jar
2025-03-06 21:54:46,142 [Worker-34: Launching mavenrun-44a8e77c-82e3-49d7-9eb2-2d28feef864a] INFO  o.eclipse.m2e.core.internal.Bundles - 	Entry: D:\Aniket\STUDY\Java\Hibernate\Eclipse\plugins\org.eclipse.m2e.maven.runtime_3.9.500.20231113-2345\jars\maven-embedder-3.9.5.jar
2025-03-06 21:54:46,142 [Worker-34: Launching mavenrun-44a8e77c-82e3-49d7-9eb2-2d28feef864a] INFO  o.eclipse.m2e.core.internal.Bundles - 	Entry: D:\Aniket\STUDY\Java\Hibernate\Eclipse\plugins\org.eclipse.m2e.maven.runtime_3.9.500.20231113-2345\jars\maven-model-3.9.5.jar
2025-03-06 21:54:46,143 [Worker-34: Launching mavenrun-44a8e77c-82e3-49d7-9eb2-2d28feef864a] INFO  o.eclipse.m2e.core.internal.Bundles - 	Entry: D:\Aniket\STUDY\Java\Hibernate\Eclipse\plugins\org.eclipse.m2e.maven.runtime_3.9.500.20231113-2345\jars\maven-model-builder-3.9.5.jar
2025-03-06 21:54:46,143 [Worker-34: Launching mavenrun-44a8e77c-82e3-49d7-9eb2-2d28feef864a] INFO  o.eclipse.m2e.core.internal.Bundles - 	Entry: D:\Aniket\STUDY\Java\Hibernate\Eclipse\plugins\org.eclipse.m2e.maven.runtime_3.9.500.20231113-2345\jars\maven-plugin-api-3.9.5.jar
2025-03-06 21:54:46,143 [Worker-34: Launching mavenrun-44a8e77c-82e3-49d7-9eb2-2d28feef864a] INFO  o.eclipse.m2e.core.internal.Bundles - 	Entry: D:\Aniket\STUDY\Java\Hibernate\Eclipse\plugins\org.eclipse.m2e.maven.runtime_3.9.500.20231113-2345\jars\maven-repository-metadata-3.9.5.jar
2025-03-06 21:54:46,143 [Worker-34: Launching mavenrun-44a8e77c-82e3-49d7-9eb2-2d28feef864a] INFO  o.eclipse.m2e.core.internal.Bundles - 	Entry: D:\Aniket\STUDY\Java\Hibernate\Eclipse\plugins\org.eclipse.m2e.maven.runtime_3.9.500.20231113-2345\jars\maven-resolver-api-1.9.16.jar
2025-03-06 21:54:46,143 [Worker-34: Launching mavenrun-44a8e77c-82e3-49d7-9eb2-2d28feef864a] INFO  o.eclipse.m2e.core.internal.Bundles - 	Entry: D:\Aniket\STUDY\Java\Hibernate\Eclipse\plugins\org.eclipse.m2e.maven.runtime_3.9.500.20231113-2345\jars\maven-resolver-connector-basic-1.9.16.jar
2025-03-06 21:54:46,143 [Worker-34: Launching mavenrun-44a8e77c-82e3-49d7-9eb2-2d28feef864a] INFO  o.eclipse.m2e.core.internal.Bundles - 	Entry: D:\Aniket\STUDY\Java\Hibernate\Eclipse\plugins\org.eclipse.m2e.maven.runtime_3.9.500.20231113-2345\jars\maven-resolver-impl-1.9.16.jar
2025-03-06 21:54:46,143 [Worker-34: Launching mavenrun-44a8e77c-82e3-49d7-9eb2-2d28feef864a] INFO  o.eclipse.m2e.core.internal.Bundles - 	Entry: D:\Aniket\STUDY\Java\Hibernate\Eclipse\plugins\org.eclipse.m2e.maven.runtime_3.9.500.20231113-2345\jars\maven-resolver-named-locks-1.9.16.jar
2025-03-06 21:54:46,143 [Worker-34: Launching mavenrun-44a8e77c-82e3-49d7-9eb2-2d28feef864a] INFO  o.eclipse.m2e.core.internal.Bundles - 	Entry: D:\Aniket\STUDY\Java\Hibernate\Eclipse\plugins\org.eclipse.m2e.maven.runtime_3.9.500.20231113-2345\jars\maven-resolver-provider-3.9.5.jar
2025-03-06 21:54:46,143 [Worker-34: Launching mavenrun-44a8e77c-82e3-49d7-9eb2-2d28feef864a] INFO  o.eclipse.m2e.core.internal.Bundles - 	Entry: D:\Aniket\STUDY\Java\Hibernate\Eclipse\plugins\org.eclipse.m2e.maven.runtime_3.9.500.20231113-2345\jars\maven-resolver-spi-1.9.16.jar
2025-03-06 21:54:46,143 [Worker-34: Launching mavenrun-44a8e77c-82e3-49d7-9eb2-2d28feef864a] INFO  o.eclipse.m2e.core.internal.Bundles - 	Entry: D:\Aniket\STUDY\Java\Hibernate\Eclipse\plugins\org.eclipse.m2e.maven.runtime_3.9.500.20231113-2345\jars\maven-resolver-transport-file-1.9.16.jar
2025-03-06 21:54:46,144 [Worker-34: Launching mavenrun-44a8e77c-82e3-49d7-9eb2-2d28feef864a] INFO  o.eclipse.m2e.core.internal.Bundles - 	Entry: D:\Aniket\STUDY\Java\Hibernate\Eclipse\plugins\org.eclipse.m2e.maven.runtime_3.9.500.20231113-2345\jars\maven-resolver-transport-http-1.9.16.jar
2025-03-06 21:54:46,144 [Worker-34: Launching mavenrun-44a8e77c-82e3-49d7-9eb2-2d28feef864a] INFO  o.eclipse.m2e.core.internal.Bundles - 	Entry: D:\Aniket\STUDY\Java\Hibernate\Eclipse\plugins\org.eclipse.m2e.maven.runtime_3.9.500.20231113-2345\jars\maven-resolver-transport-wagon-1.9.16.jar
2025-03-06 21:54:46,144 [Worker-34: Launching mavenrun-44a8e77c-82e3-49d7-9eb2-2d28feef864a] INFO  o.eclipse.m2e.core.internal.Bundles - 	Entry: D:\Aniket\STUDY\Java\Hibernate\Eclipse\plugins\org.eclipse.m2e.maven.runtime_3.9.500.20231113-2345\jars\maven-resolver-util-1.9.16.jar
2025-03-06 21:54:46,144 [Worker-34: Launching mavenrun-44a8e77c-82e3-49d7-9eb2-2d28feef864a] INFO  o.eclipse.m2e.core.internal.Bundles - 	Entry: D:\Aniket\STUDY\Java\Hibernate\Eclipse\plugins\org.eclipse.m2e.maven.runtime_3.9.500.20231113-2345\jars\maven-settings-3.9.5.jar
2025-03-06 21:54:46,144 [Worker-34: Launching mavenrun-44a8e77c-82e3-49d7-9eb2-2d28feef864a] INFO  o.eclipse.m2e.core.internal.Bundles - 	Entry: D:\Aniket\STUDY\Java\Hibernate\Eclipse\plugins\org.eclipse.m2e.maven.runtime_3.9.500.20231113-2345\jars\maven-settings-builder-3.9.5.jar
2025-03-06 21:54:46,144 [Worker-34: Launching mavenrun-44a8e77c-82e3-49d7-9eb2-2d28feef864a] INFO  o.eclipse.m2e.core.internal.Bundles - 	Entry: D:\Aniket\STUDY\Java\Hibernate\Eclipse\plugins\org.eclipse.m2e.maven.runtime_3.9.500.20231113-2345\jars\maven-shared-utils-3.3.4.jar
2025-03-06 21:54:46,144 [Worker-34: Launching mavenrun-44a8e77c-82e3-49d7-9eb2-2d28feef864a] INFO  o.eclipse.m2e.core.internal.Bundles - 	Entry: D:\Aniket\STUDY\Java\Hibernate\Eclipse\plugins\org.eclipse.m2e.maven.runtime_3.9.500.20231113-2345\jars\org.eclipse.sisu.inject-0.3.5.jar
2025-03-06 21:54:46,144 [Worker-34: Launching mavenrun-44a8e77c-82e3-49d7-9eb2-2d28feef864a] INFO  o.eclipse.m2e.core.internal.Bundles - 	Entry: D:\Aniket\STUDY\Java\Hibernate\Eclipse\plugins\org.eclipse.m2e.maven.runtime_3.9.500.20231113-2345\jars\org.eclipse.sisu.plexus-0.3.5.jar
2025-03-06 21:54:46,145 [Worker-34: Launching mavenrun-44a8e77c-82e3-49d7-9eb2-2d28feef864a] INFO  o.eclipse.m2e.core.internal.Bundles - 	Entry: D:\Aniket\STUDY\Java\Hibernate\Eclipse\plugins\org.eclipse.m2e.maven.runtime_3.9.500.20231113-2345\jars\plexus-build-api-0.0.7.jar
2025-03-06 21:54:46,145 [Worker-34: Launching mavenrun-44a8e77c-82e3-49d7-9eb2-2d28feef864a] INFO  o.eclipse.m2e.core.internal.Bundles - 	Entry: D:\Aniket\STUDY\Java\Hibernate\Eclipse\plugins\org.eclipse.m2e.maven.runtime_3.9.500.20231113-2345\jars\plexus-cipher-2.0.jar
2025-03-06 21:54:46,145 [Worker-34: Launching mavenrun-44a8e77c-82e3-49d7-9eb2-2d28feef864a] INFO  o.eclipse.m2e.core.internal.Bundles - 	Entry: D:\Aniket\STUDY\Java\Hibernate\Eclipse\plugins\org.eclipse.m2e.maven.runtime_3.9.500.20231113-2345\jars\plexus-classworlds-2.7.0.jar
2025-03-06 21:54:46,145 [Worker-34: Launching mavenrun-44a8e77c-82e3-49d7-9eb2-2d28feef864a] INFO  o.eclipse.m2e.core.internal.Bundles - 	Entry: D:\Aniket\STUDY\Java\Hibernate\Eclipse\plugins\org.eclipse.m2e.maven.runtime_3.9.500.20231113-2345\jars\plexus-component-annotations-2.1.0.jar
2025-03-06 21:54:46,145 [Worker-34: Launching mavenrun-44a8e77c-82e3-49d7-9eb2-2d28feef864a] INFO  o.eclipse.m2e.core.internal.Bundles - 	Entry: D:\Aniket\STUDY\Java\Hibernate\Eclipse\plugins\org.eclipse.m2e.maven.runtime_3.9.500.20231113-2345\jars\plexus-interpolation-1.26.jar
2025-03-06 21:54:46,145 [Worker-34: Launching mavenrun-44a8e77c-82e3-49d7-9eb2-2d28feef864a] INFO  o.eclipse.m2e.core.internal.Bundles - 	Entry: D:\Aniket\STUDY\Java\Hibernate\Eclipse\plugins\org.eclipse.m2e.maven.runtime_3.9.500.20231113-2345\jars\plexus-sec-dispatcher-2.0.jar
2025-03-06 21:54:46,145 [Worker-34: Launching mavenrun-44a8e77c-82e3-49d7-9eb2-2d28feef864a] INFO  o.eclipse.m2e.core.internal.Bundles - 	Entry: D:\Aniket\STUDY\Java\Hibernate\Eclipse\plugins\org.eclipse.m2e.maven.runtime_3.9.500.20231113-2345\jars\plexus-utils-3.5.1.jar
2025-03-06 21:54:46,145 [Worker-34: Launching mavenrun-44a8e77c-82e3-49d7-9eb2-2d28feef864a] INFO  o.eclipse.m2e.core.internal.Bundles - 	Entry: D:\Aniket\STUDY\Java\Hibernate\Eclipse\plugins\org.eclipse.m2e.maven.runtime_3.9.500.20231113-2345\jars\wagon-file-3.5.3.jar
2025-03-06 21:54:46,145 [Worker-34: Launching mavenrun-44a8e77c-82e3-49d7-9eb2-2d28feef864a] INFO  o.eclipse.m2e.core.internal.Bundles - 	Entry: D:\Aniket\STUDY\Java\Hibernate\Eclipse\plugins\org.eclipse.m2e.maven.runtime_3.9.500.20231113-2345\jars\wagon-http-3.5.3.jar
2025-03-06 21:54:46,145 [Worker-34: Launching mavenrun-44a8e77c-82e3-49d7-9eb2-2d28feef864a] INFO  o.eclipse.m2e.core.internal.Bundles - 	Entry: D:\Aniket\STUDY\Java\Hibernate\Eclipse\plugins\org.eclipse.m2e.maven.runtime_3.9.500.20231113-2345\jars\wagon-http-shared-3.5.3.jar
2025-03-06 21:54:46,145 [Worker-34: Launching mavenrun-44a8e77c-82e3-49d7-9eb2-2d28feef864a] INFO  o.eclipse.m2e.core.internal.Bundles - 	Entry: D:\Aniket\STUDY\Java\Hibernate\Eclipse\plugins\org.eclipse.m2e.maven.runtime_3.9.500.20231113-2345\jars\wagon-provider-api-3.5.3.jar
2025-03-06 21:54:46,147 [Worker-34: Launching mavenrun-44a8e77c-82e3-49d7-9eb2-2d28feef864a] INFO  o.eclipse.m2e.core.internal.Bundles - getClasspathEntries(Bundle=com.google.guava_32.1.3.jre [10])
2025-03-06 21:54:46,148 [Worker-34: Launching mavenrun-44a8e77c-82e3-49d7-9eb2-2d28feef864a] INFO  o.eclipse.m2e.core.internal.Bundles - 	Entry: D:\Aniket\STUDY\Java\Hibernate\Eclipse\plugins\com.google.guava_32.1.3.jre.jar
2025-03-06 21:54:46,148 [Worker-34: Launching mavenrun-44a8e77c-82e3-49d7-9eb2-2d28feef864a] INFO  o.eclipse.m2e.core.internal.Bundles - getClasspathEntries(Bundle=slf4j.api_2.0.9 [518])
2025-03-06 21:54:46,149 [Worker-34: Launching mavenrun-44a8e77c-82e3-49d7-9eb2-2d28feef864a] INFO  o.eclipse.m2e.core.internal.Bundles - 	Entry: D:\Aniket\STUDY\Java\Hibernate\Eclipse\plugins\slf4j.api_2.0.9.jar
2025-03-06 21:54:46,149 [Worker-34: Launching mavenrun-44a8e77c-82e3-49d7-9eb2-2d28feef864a] INFO  o.eclipse.m2e.core.internal.Bundles - getClasspathEntries(Bundle=jakarta.inject.jakarta.inject-api_1.0.5 [22])
2025-03-06 21:54:46,149 [Worker-34: Launching mavenrun-44a8e77c-82e3-49d7-9eb2-2d28feef864a] INFO  o.eclipse.m2e.core.internal.Bundles - 	Entry: D:\Aniket\STUDY\Java\Hibernate\Eclipse\plugins\jakarta.inject.jakarta.inject-api_1.0.5.jar
2025-03-06 21:54:46,149 [Worker-34: Launching mavenrun-44a8e77c-82e3-49d7-9eb2-2d28feef864a] INFO  o.eclipse.m2e.core.internal.Bundles - getClasspathEntries(Bundle=jakarta.annotation-api_1.3.5 [20])
2025-03-06 21:54:46,150 [Worker-34: Launching mavenrun-44a8e77c-82e3-49d7-9eb2-2d28feef864a] INFO  o.eclipse.m2e.core.internal.Bundles - 	Entry: D:\Aniket\STUDY\Java\Hibernate\Eclipse\plugins\jakarta.annotation-api_1.3.5.jar
2025-03-06 21:54:46,150 [Worker-34: Launching mavenrun-44a8e77c-82e3-49d7-9eb2-2d28feef864a] INFO  o.eclipse.m2e.core.internal.Bundles - getClasspathEntries(Bundle=org.apache.commons.cli_1.6.0 [46])
2025-03-06 21:54:46,151 [Worker-34: Launching mavenrun-44a8e77c-82e3-49d7-9eb2-2d28feef864a] INFO  o.eclipse.m2e.core.internal.Bundles - 	Entry: D:\Aniket\STUDY\Java\Hibernate\Eclipse\plugins\org.apache.commons.cli_1.6.0.jar
2025-03-06 21:54:46,151 [Worker-34: Launching mavenrun-44a8e77c-82e3-49d7-9eb2-2d28feef864a] INFO  o.eclipse.m2e.core.internal.Bundles - getClasspathEntries(Bundle=org.apache.commons.commons-codec_1.16.0 [48])
2025-03-06 21:54:46,151 [Worker-34: Launching mavenrun-44a8e77c-82e3-49d7-9eb2-2d28feef864a] INFO  o.eclipse.m2e.core.internal.Bundles - 	Entry: D:\Aniket\STUDY\Java\Hibernate\Eclipse\plugins\org.apache.commons.commons-codec_1.16.0.jar
2025-03-06 21:54:46,151 [Worker-34: Launching mavenrun-44a8e77c-82e3-49d7-9eb2-2d28feef864a] INFO  o.eclipse.m2e.core.internal.Bundles - getClasspathEntries(Bundle=org.apache.commons.lang3_3.13.0 [53])
2025-03-06 21:54:46,151 [Worker-34: Launching mavenrun-44a8e77c-82e3-49d7-9eb2-2d28feef864a] INFO  o.eclipse.m2e.core.internal.Bundles - 	Entry: D:\Aniket\STUDY\Java\Hibernate\Eclipse\plugins\org.apache.commons.lang3_3.13.0.jar
2025-03-06 21:54:46,151 [Worker-34: Launching mavenrun-44a8e77c-82e3-49d7-9eb2-2d28feef864a] INFO  o.eclipse.m2e.core.internal.Bundles - getClasspathEntries(Bundle=com.google.guava.failureaccess_1.0.2 [11])
2025-03-06 21:54:46,152 [Worker-34: Launching mavenrun-44a8e77c-82e3-49d7-9eb2-2d28feef864a] INFO  o.eclipse.m2e.core.internal.Bundles - 	Entry: D:\Aniket\STUDY\Java\Hibernate\Eclipse\plugins\com.google.guava.failureaccess_1.0.2.jar
2025-03-06 21:54:46,155 [Worker-34: Launching mavenrun-44a8e77c-82e3-49d7-9eb2-2d28feef864a] INFO  o.e.m.i.launch.MavenLaunchDelegate - Run build in "C:\Users\Aniket\AppData\Local\Temp\m2e-archetypeGenerator17806916023180780344":
2025-03-06 21:54:46,159 [Worker-34: Launching mavenrun-44a8e77c-82e3-49d7-9eb2-2d28feef864a] INFO  o.e.m.i.launch.MavenLaunchDelegate -  mvn  -DjavaCompilerVersion=17 -DjunitVersion=5.11.0 -DarchetypeGroupId=org.apache.maven.archetypes -DarchetypeArtifactId=maven-archetype-quickstart -DarchetypeVersion=1.5 -DgroupId=com.aniket -DartifactId=Demo-Itext -Dversion=0.0.1-SNAPSHOT -Dpackage=com.aniket -DoutputDirectory="D:\Aniket\STUDY\GitHub\Data Structures and Algorithms" -Dstyle.color=always -U archetype:generate
2025-03-06 21:55:00,378 [Worker-26: Creating maven-archetype-quickstart] INFO  o.e.m.c.i.p.ProjectConfigurationManager - Collecting project info '/pom.xml' D:\Aniket\STUDY\GitHub\Data Structures and Algorithms\Demo-Itext\pom.xml
2025-03-06 21:55:02,776 [Worker-26: Creating maven-archetype-quickstart] INFO  o.e.m.c.i.l.LifecycleMappingFactory - Using org.eclipse.m2e.jdt.JarLifecycleMapping lifecycle mapping for MavenProject: com.aniket:Demo-Itext:0.0.1-SNAPSHOT @ D:\Aniket\STUDY\GitHub\Data Structures and Algorithms\Demo-Itext\pom.xml.
2025-03-06 21:55:04,463 [Worker-26: Creating maven-archetype-quickstart] INFO  o.e.m.j.i.AbstractJavaProjectConfigurator - Adding source folder /Demo-Itext/src/main/java
2025-03-06 21:55:04,463 [Worker-26: Creating maven-archetype-quickstart] INFO  o.e.m.j.i.AbstractJavaProjectConfigurator - Adding resource folder /Demo-Itext/src/main/resources
2025-03-06 21:55:04,475 [Worker-26: Creating maven-archetype-quickstart] INFO  o.e.m.j.i.AbstractJavaProjectConfigurator - Adding source folder /Demo-Itext/src/test/java
2025-03-06 21:55:04,475 [Worker-26: Creating maven-archetype-quickstart] INFO  o.e.m.j.i.AbstractJavaProjectConfigurator - Adding resource folder /Demo-Itext/src/test/resources
2025-03-06 21:55:04,765 [Worker-26: Creating maven-archetype-quickstart] INFO  o.e.m.c.i.p.ProjectConfigurationManager - Imported and configured 1 project(s) in 4 sec
2025-03-06 21:55:05,142 [Worker-34: Building] INFO  o.a.m.s.f.DefaultMavenResourcesFiltering - skip non existing resourceDirectory D:\Aniket\STUDY\GitHub\Data Structures and Algorithms\Demo-Itext\src\main\resources
2025-03-06 21:55:05,147 [Worker-34: Building] INFO  o.a.m.s.f.DefaultMavenResourcesFiltering - skip non existing resourceDirectory D:\Aniket\STUDY\GitHub\Data Structures and Algorithms\Demo-Itext\src\test\resources
2025-03-06 21:55:42,550 [Worker-31: Building] INFO  o.e.m.c.i.l.LifecycleMappingFactory - Using org.eclipse.m2e.jdt.JarLifecycleMapping lifecycle mapping for MavenProject: com.aniket:Demo-Itext:0.0.1-SNAPSHOT @ D:\Aniket\STUDY\GitHub\Data Structures and Algorithms\Demo-Itext\pom.xml.
2025-03-06 21:55:42,656 [Worker-31: Building] INFO  o.e.m.c.i.e.AbstractTransferListenerAdapter - Downloading https://repo.maven.apache.org/maven2/com/itextpdf/itext7-core/7.2.5/itext7-core-7.2.5.pom
2025-03-06 21:55:42,670 [Worker-31: Building] INFO  o.e.m.c.i.e.AbstractTransferListenerAdapter - Downloaded https://repo.maven.apache.org/maven2/com/itextpdf/itext7-core/7.2.5/itext7-core-7.2.5.pom
2025-03-06 21:55:42,699 [Worker-31: Building] INFO  o.e.m.c.i.e.AbstractTransferListenerAdapter - Downloading https://repo.maven.apache.org/maven2/com/itextpdf/barcodes/7.2.5/barcodes-7.2.5.pom
2025-03-06 21:55:42,704 [Worker-31: Building] INFO  o.e.m.c.i.e.AbstractTransferListenerAdapter - Downloaded https://repo.maven.apache.org/maven2/com/itextpdf/barcodes/7.2.5/barcodes-7.2.5.pom
2025-03-06 21:55:42,732 [Worker-31: Building] INFO  o.e.m.c.i.e.AbstractTransferListenerAdapter - Downloading https://repo.maven.apache.org/maven2/com/itextpdf/root/7.2.5/root-7.2.5.pom
2025-03-06 21:55:42,741 [Worker-31: Building] INFO  o.e.m.c.i.e.AbstractTransferListenerAdapter - Downloaded https://repo.maven.apache.org/maven2/com/itextpdf/root/7.2.5/root-7.2.5.pom
2025-03-06 21:55:42,775 [Worker-31: Building] INFO  o.e.m.c.i.e.AbstractTransferListenerAdapter - Downloading https://repo.maven.apache.org/maven2/com/itextpdf/kernel/7.2.5/kernel-7.2.5.pom
2025-03-06 21:55:42,778 [Worker-31: Building] INFO  o.e.m.c.i.e.AbstractTransferListenerAdapter - Downloaded https://repo.maven.apache.org/maven2/com/itextpdf/kernel/7.2.5/kernel-7.2.5.pom
2025-03-06 21:55:42,812 [Worker-31: Building] INFO  o.e.m.c.i.e.AbstractTransferListenerAdapter - Downloading https://repo.maven.apache.org/maven2/com/itextpdf/io/7.2.5/io-7.2.5.pom
2025-03-06 21:55:42,816 [Worker-31: Building] INFO  o.e.m.c.i.e.AbstractTransferListenerAdapter - Downloaded https://repo.maven.apache.org/maven2/com/itextpdf/io/7.2.5/io-7.2.5.pom
2025-03-06 21:55:42,852 [Worker-31: Building] INFO  o.e.m.c.i.e.AbstractTransferListenerAdapter - Downloading https://repo.maven.apache.org/maven2/com/itextpdf/commons/7.2.5/commons-7.2.5.pom
2025-03-06 21:55:42,858 [Worker-31: Building] INFO  o.e.m.c.i.e.AbstractTransferListenerAdapter - Downloaded https://repo.maven.apache.org/maven2/com/itextpdf/commons/7.2.5/commons-7.2.5.pom
2025-03-06 21:55:42,900 [Worker-31: Building] INFO  o.e.m.c.i.e.AbstractTransferListenerAdapter - Downloading https://repo.maven.apache.org/maven2/org/bouncycastle/bcpkix-jdk15on/1.70/bcpkix-jdk15on-1.70.pom
2025-03-06 21:55:42,903 [Worker-31: Building] INFO  o.e.m.c.i.e.AbstractTransferListenerAdapter - Downloaded https://repo.maven.apache.org/maven2/org/bouncycastle/bcpkix-jdk15on/1.70/bcpkix-jdk15on-1.70.pom
2025-03-06 21:55:42,929 [Worker-31: Building] INFO  o.e.m.c.i.e.AbstractTransferListenerAdapter - Downloading https://repo.maven.apache.org/maven2/org/bouncycastle/bcprov-jdk15on/1.70/bcprov-jdk15on-1.70.pom
2025-03-06 21:55:42,933 [Worker-31: Building] INFO  o.e.m.c.i.e.AbstractTransferListenerAdapter - Downloaded https://repo.maven.apache.org/maven2/org/bouncycastle/bcprov-jdk15on/1.70/bcprov-jdk15on-1.70.pom
2025-03-06 21:55:42,961 [Worker-31: Building] INFO  o.e.m.c.i.e.AbstractTransferListenerAdapter - Downloading https://repo.maven.apache.org/maven2/org/bouncycastle/bcutil-jdk15on/1.70/bcutil-jdk15on-1.70.pom
2025-03-06 21:55:42,964 [Worker-31: Building] INFO  o.e.m.c.i.e.AbstractTransferListenerAdapter - Downloaded https://repo.maven.apache.org/maven2/org/bouncycastle/bcutil-jdk15on/1.70/bcutil-jdk15on-1.70.pom
2025-03-06 21:55:42,993 [Worker-31: Building] INFO  o.e.m.c.i.e.AbstractTransferListenerAdapter - Downloading https://repo.maven.apache.org/maven2/com/itextpdf/font-asian/7.2.5/font-asian-7.2.5.pom
2025-03-06 21:55:42,995 [Worker-31: Building] INFO  o.e.m.c.i.e.AbstractTransferListenerAdapter - Downloaded https://repo.maven.apache.org/maven2/com/itextpdf/font-asian/7.2.5/font-asian-7.2.5.pom
2025-03-06 21:55:43,026 [Worker-31: Building] INFO  o.e.m.c.i.e.AbstractTransferListenerAdapter - Downloading https://repo.maven.apache.org/maven2/com/itextpdf/forms/7.2.5/forms-7.2.5.pom
2025-03-06 21:55:43,029 [Worker-31: Building] INFO  o.e.m.c.i.e.AbstractTransferListenerAdapter - Downloaded https://repo.maven.apache.org/maven2/com/itextpdf/forms/7.2.5/forms-7.2.5.pom
2025-03-06 21:55:43,056 [Worker-31: Building] INFO  o.e.m.c.i.e.AbstractTransferListenerAdapter - Downloading https://repo.maven.apache.org/maven2/com/itextpdf/layout/7.2.5/layout-7.2.5.pom
2025-03-06 21:55:43,061 [Worker-31: Building] INFO  o.e.m.c.i.e.AbstractTransferListenerAdapter - Downloaded https://repo.maven.apache.org/maven2/com/itextpdf/layout/7.2.5/layout-7.2.5.pom
2025-03-06 21:55:43,092 [Worker-31: Building] INFO  o.e.m.c.i.e.AbstractTransferListenerAdapter - Downloading https://repo.maven.apache.org/maven2/com/itextpdf/hyph/7.2.5/hyph-7.2.5.pom
2025-03-06 21:55:43,095 [Worker-31: Building] INFO  o.e.m.c.i.e.AbstractTransferListenerAdapter - Downloaded https://repo.maven.apache.org/maven2/com/itextpdf/hyph/7.2.5/hyph-7.2.5.pom
2025-03-06 21:55:43,127 [Worker-31: Building] INFO  o.e.m.c.i.e.AbstractTransferListenerAdapter - Downloading https://repo.maven.apache.org/maven2/com/itextpdf/pdfa/7.2.5/pdfa-7.2.5.pom
2025-03-06 21:55:43,131 [Worker-31: Building] INFO  o.e.m.c.i.e.AbstractTransferListenerAdapter - Downloaded https://repo.maven.apache.org/maven2/com/itextpdf/pdfa/7.2.5/pdfa-7.2.5.pom
2025-03-06 21:55:43,160 [Worker-31: Building] INFO  o.e.m.c.i.e.AbstractTransferListenerAdapter - Downloading https://repo.maven.apache.org/maven2/com/itextpdf/sign/7.2.5/sign-7.2.5.pom
2025-03-06 21:55:43,163 [Worker-31: Building] INFO  o.e.m.c.i.e.AbstractTransferListenerAdapter - Downloaded https://repo.maven.apache.org/maven2/com/itextpdf/sign/7.2.5/sign-7.2.5.pom
2025-03-06 21:55:43,189 [Worker-31: Building] INFO  o.e.m.c.i.e.AbstractTransferListenerAdapter - Downloading https://repo.maven.apache.org/maven2/com/itextpdf/styled-xml-parser/7.2.5/styled-xml-parser-7.2.5.pom
2025-03-06 21:55:43,192 [Worker-31: Building] INFO  o.e.m.c.i.e.AbstractTransferListenerAdapter - Downloaded https://repo.maven.apache.org/maven2/com/itextpdf/styled-xml-parser/7.2.5/styled-xml-parser-7.2.5.pom
2025-03-06 21:55:43,225 [Worker-31: Building] INFO  o.e.m.c.i.e.AbstractTransferListenerAdapter - Downloading https://repo.maven.apache.org/maven2/com/itextpdf/svg/7.2.5/svg-7.2.5.pom
2025-03-06 21:55:43,228 [Worker-31: Building] INFO  o.e.m.c.i.e.AbstractTransferListenerAdapter - Downloaded https://repo.maven.apache.org/maven2/com/itextpdf/svg/7.2.5/svg-7.2.5.pom
2025-03-06 21:55:43,279 [Worker-31: Building] INFO  o.e.m.c.i.e.AbstractTransferListenerAdapter - Downloaded https://repo.maven.apache.org/maven2/com/itextpdf/itext7-core/7.2.5/itext7-core-7.2.5.jar
2025-03-06 21:55:43,298 [BasicRepositoryConnector-repo.maven.apache.org-0-0] INFO  o.e.m.c.i.e.AbstractTransferListenerAdapter - Downloading https://repo.maven.apache.org/maven2/com/itextpdf/barcodes/7.2.5/barcodes-7.2.5.jar
2025-03-06 21:55:43,322 [BasicRepositoryConnector-repo.maven.apache.org-0-0] INFO  o.e.m.c.i.e.AbstractTransferListenerAdapter - Downloaded https://repo.maven.apache.org/maven2/com/itextpdf/barcodes/7.2.5/barcodes-7.2.5.jar
2025-03-06 21:55:43,335 [BasicRepositoryConnector-repo.maven.apache.org-0-2] INFO  o.e.m.c.i.e.AbstractTransferListenerAdapter - Downloading https://repo.maven.apache.org/maven2/com/itextpdf/forms/7.2.5/forms-7.2.5.jar
2025-03-06 21:55:43,336 [BasicRepositoryConnector-repo.maven.apache.org-0-4] INFO  o.e.m.c.i.e.AbstractTransferListenerAdapter - Downloading https://repo.maven.apache.org/maven2/com/itextpdf/io/7.2.5/io-7.2.5.jar
2025-03-06 21:55:43,338 [BasicRepositoryConnector-repo.maven.apache.org-0-0] INFO  o.e.m.c.i.e.AbstractTransferListenerAdapter - Downloading https://repo.maven.apache.org/maven2/com/itextpdf/commons/7.2.5/commons-7.2.5.jar
2025-03-06 21:55:43,345 [BasicRepositoryConnector-repo.maven.apache.org-0-0] INFO  o.e.m.c.i.e.AbstractTransferListenerAdapter - Downloaded https://repo.maven.apache.org/maven2/com/itextpdf/commons/7.2.5/commons-7.2.5.jar
2025-03-06 21:55:43,348 [BasicRepositoryConnector-repo.maven.apache.org-0-1] INFO  o.e.m.c.i.e.AbstractTransferListenerAdapter - Downloading https://repo.maven.apache.org/maven2/com/itextpdf/font-asian/7.2.5/font-asian-7.2.5.jar
2025-03-06 21:55:43,348 [BasicRepositoryConnector-repo.maven.apache.org-0-3] INFO  o.e.m.c.i.e.AbstractTransferListenerAdapter - Downloading https://repo.maven.apache.org/maven2/com/itextpdf/hyph/7.2.5/hyph-7.2.5.jar
2025-03-06 21:55:43,363 [BasicRepositoryConnector-repo.maven.apache.org-0-2] INFO  o.e.m.c.i.e.AbstractTransferListenerAdapter - Downloaded https://repo.maven.apache.org/maven2/com/itextpdf/forms/7.2.5/forms-7.2.5.jar
2025-03-06 21:55:43,373 [BasicRepositoryConnector-repo.maven.apache.org-0-0] INFO  o.e.m.c.i.e.AbstractTransferListenerAdapter - Downloading https://repo.maven.apache.org/maven2/com/itextpdf/kernel/7.2.5/kernel-7.2.5.jar
2025-03-06 21:55:43,395 [BasicRepositoryConnector-repo.maven.apache.org-0-2] INFO  o.e.m.c.i.e.AbstractTransferListenerAdapter - Downloading https://repo.maven.apache.org/maven2/org/bouncycastle/bcpkix-jdk15on/1.70/bcpkix-jdk15on-1.70.jar
2025-03-06 21:55:43,512 [BasicRepositoryConnector-repo.maven.apache.org-0-4] INFO  o.e.m.c.i.e.AbstractTransferListenerAdapter - Downloaded https://repo.maven.apache.org/maven2/com/itextpdf/io/7.2.5/io-7.2.5.jar
2025-03-06 21:55:43,559 [BasicRepositoryConnector-repo.maven.apache.org-0-4] INFO  o.e.m.c.i.e.AbstractTransferListenerAdapter - Downloading https://repo.maven.apache.org/maven2/org/bouncycastle/bcutil-jdk15on/1.70/bcutil-jdk15on-1.70.jar
2025-03-06 21:55:43,678 [BasicRepositoryConnector-repo.maven.apache.org-0-2] INFO  o.e.m.c.i.e.AbstractTransferListenerAdapter - Downloaded https://repo.maven.apache.org/maven2/org/bouncycastle/bcpkix-jdk15on/1.70/bcpkix-jdk15on-1.70.jar
2025-03-06 21:55:43,701 [BasicRepositoryConnector-repo.maven.apache.org-0-2] INFO  o.e.m.c.i.e.AbstractTransferListenerAdapter - Downloading https://repo.maven.apache.org/maven2/org/bouncycastle/bcprov-jdk15on/1.70/bcprov-jdk15on-1.70.jar
2025-03-06 21:55:43,710 [BasicRepositoryConnector-repo.maven.apache.org-0-3] INFO  o.e.m.c.i.e.AbstractTransferListenerAdapter - Downloaded https://repo.maven.apache.org/maven2/com/itextpdf/hyph/7.2.5/hyph-7.2.5.jar
2025-03-06 21:55:43,726 [BasicRepositoryConnector-repo.maven.apache.org-0-3] INFO  o.e.m.c.i.e.AbstractTransferListenerAdapter - Downloading https://repo.maven.apache.org/maven2/com/itextpdf/layout/7.2.5/layout-7.2.5.jar
2025-03-06 21:55:43,893 [BasicRepositoryConnector-repo.maven.apache.org-0-3] INFO  o.e.m.c.i.e.AbstractTransferListenerAdapter - Downloaded https://repo.maven.apache.org/maven2/com/itextpdf/layout/7.2.5/layout-7.2.5.jar
2025-03-06 21:55:43,910 [BasicRepositoryConnector-repo.maven.apache.org-0-3] INFO  o.e.m.c.i.e.AbstractTransferListenerAdapter - Downloading https://repo.maven.apache.org/maven2/com/itextpdf/pdfa/7.2.5/pdfa-7.2.5.jar
2025-03-06 21:55:43,921 [BasicRepositoryConnector-repo.maven.apache.org-0-3] INFO  o.e.m.c.i.e.AbstractTransferListenerAdapter - Downloaded https://repo.maven.apache.org/maven2/com/itextpdf/pdfa/7.2.5/pdfa-7.2.5.jar
2025-03-06 21:55:43,952 [BasicRepositoryConnector-repo.maven.apache.org-0-3] INFO  o.e.m.c.i.e.AbstractTransferListenerAdapter - Downloading https://repo.maven.apache.org/maven2/com/itextpdf/sign/7.2.5/sign-7.2.5.jar
2025-03-06 21:55:43,985 [BasicRepositoryConnector-repo.maven.apache.org-0-3] INFO  o.e.m.c.i.e.AbstractTransferListenerAdapter - Downloaded https://repo.maven.apache.org/maven2/com/itextpdf/sign/7.2.5/sign-7.2.5.jar
2025-03-06 21:55:44,001 [BasicRepositoryConnector-repo.maven.apache.org-0-3] INFO  o.e.m.c.i.e.AbstractTransferListenerAdapter - Downloading https://repo.maven.apache.org/maven2/com/itextpdf/styled-xml-parser/7.2.5/styled-xml-parser-7.2.5.jar
2025-03-06 21:55:44,379 [BasicRepositoryConnector-repo.maven.apache.org-0-3] INFO  o.e.m.c.i.e.AbstractTransferListenerAdapter - Downloaded https://repo.maven.apache.org/maven2/com/itextpdf/styled-xml-parser/7.2.5/styled-xml-parser-7.2.5.jar
2025-03-06 21:55:44,396 [BasicRepositoryConnector-repo.maven.apache.org-0-3] INFO  o.e.m.c.i.e.AbstractTransferListenerAdapter - Downloading https://repo.maven.apache.org/maven2/com/itextpdf/svg/7.2.5/svg-7.2.5.jar
2025-03-06 21:55:44,459 [BasicRepositoryConnector-repo.maven.apache.org-0-4] INFO  o.e.m.c.i.e.AbstractTransferListenerAdapter - Downloaded https://repo.maven.apache.org/maven2/org/bouncycastle/bcutil-jdk15on/1.70/bcutil-jdk15on-1.70.jar
2025-03-06 21:55:44,519 [BasicRepositoryConnector-repo.maven.apache.org-0-3] INFO  o.e.m.c.i.e.AbstractTransferListenerAdapter - Downloaded https://repo.maven.apache.org/maven2/com/itextpdf/svg/7.2.5/svg-7.2.5.jar
2025-03-06 21:55:44,924 [BasicRepositoryConnector-repo.maven.apache.org-0-0] INFO  o.e.m.c.i.e.AbstractTransferListenerAdapter - Downloaded https://repo.maven.apache.org/maven2/com/itextpdf/kernel/7.2.5/kernel-7.2.5.jar
2025-03-06 21:55:45,124 [BasicRepositoryConnector-repo.maven.apache.org-0-1] INFO  o.e.m.c.i.e.AbstractTransferListenerAdapter - Downloaded https://repo.maven.apache.org/maven2/com/itextpdf/font-asian/7.2.5/font-asian-7.2.5.jar
2025-03-06 21:55:45,854 [BasicRepositoryConnector-repo.maven.apache.org-0-2] INFO  o.e.m.c.i.e.AbstractTransferListenerAdapter - Downloaded https://repo.maven.apache.org/maven2/org/bouncycastle/bcprov-jdk15on/1.70/bcprov-jdk15on-1.70.jar
2025-03-06 21:55:46,363 [Worker-31: Building] INFO  o.a.m.s.f.DefaultMavenResourcesFiltering - skip non existing resourceDirectory D:\Aniket\STUDY\GitHub\Data Structures and Algorithms\Demo-Itext\src\main\resources
2025-03-06 21:55:46,366 [Worker-31: Building] INFO  o.a.m.s.f.DefaultMavenResourcesFiltering - skip non existing resourceDirectory D:\Aniket\STUDY\GitHub\Data Structures and Algorithms\Demo-Itext\src\test\resources
2025-03-06 21:55:47,530 [Worker-26: Download sources and javadoc] INFO  o.e.m.c.i.e.AbstractTransferListenerAdapter - Downloaded https://repo.maven.apache.org/maven2/com/itextpdf/itext7-core/7.2.5/itext7-core-7.2.5-sources.jar
2025-03-06 21:55:47,534 [Worker-26: Download sources and javadoc] ERROR o.e.m.j.internal.DownloadSourcesJob - Could not download sources for com.itextpdf:itext7-core:7.2.5
org.eclipse.core.runtime.CoreException: Could not resolve artifact com.itextpdf:itext7-core:jar:sources:7.2.5
	at org.eclipse.m2e.core.internal.embedder.MavenImpl.lambda$6(MavenImpl.java:584)
	at org.eclipse.m2e.core.internal.embedder.MavenExecutionContext.executeBare(MavenExecutionContext.java:394)
	at org.eclipse.m2e.core.internal.embedder.MavenExecutionContext.execute(MavenExecutionContext.java:228)
	at org.eclipse.m2e.core.internal.embedder.MavenExecutionContext.execute(MavenExecutionContext.java:214)
	at org.eclipse.m2e.core.internal.embedder.MavenImpl.resolve(MavenImpl.java:553)
	at org.eclipse.m2e.core.internal.embedder.MavenImpl.resolve(MavenImpl.java:538)
	at org.eclipse.m2e.jdt.internal.DownloadSourcesJob.download(DownloadSourcesJob.java:308)
	at org.eclipse.m2e.jdt.internal.DownloadSourcesJob.downloadAttachments(DownloadSourcesJob.java:282)
	at org.eclipse.m2e.jdt.internal.DownloadSourcesJob.downloadMaven(DownloadSourcesJob.java:252)
	at org.eclipse.m2e.jdt.internal.DownloadSourcesJob.downloadFilesAndPopulateToUpdate(DownloadSourcesJob.java:220)
	at org.eclipse.m2e.jdt.internal.DownloadSourcesJob.lambda$0(DownloadSourcesJob.java:149)
	at org.eclipse.m2e.core.internal.embedder.MavenExecutionContext.executeBare(MavenExecutionContext.java:394)
	at org.eclipse.m2e.core.internal.embedder.MavenExecutionContext.execute(MavenExecutionContext.java:275)
	at org.eclipse.m2e.core.internal.embedder.MavenExecutionContext.execute(MavenExecutionContext.java:214)
	at org.eclipse.m2e.core.embedder.IMaven.execute(IMaven.java:294)
	at org.eclipse.m2e.jdt.internal.DownloadSourcesJob.run(DownloadSourcesJob.java:149)
	at org.eclipse.core.internal.jobs.Worker.run(Worker.java:63)
2025-03-06 21:55:47,596 [Worker-26: Download sources and javadoc] INFO  o.e.m.c.i.e.AbstractTransferListenerAdapter - Downloading https://repo.maven.apache.org/maven2/com/itextpdf/barcodes/7.2.5/barcodes-7.2.5-sources.jar
2025-03-06 21:55:47,637 [Worker-26: Download sources and javadoc] INFO  o.e.m.c.i.e.AbstractTransferListenerAdapter - Downloaded https://repo.maven.apache.org/maven2/com/itextpdf/barcodes/7.2.5/barcodes-7.2.5-sources.jar
2025-03-06 21:55:47,642 [Worker-26: Download sources and javadoc] INFO  o.e.m.j.internal.DownloadSourcesJob - Downloaded sources for com.itextpdf:barcodes:7.2.5
2025-03-06 21:55:47,696 [Worker-26: Download sources and javadoc] INFO  o.e.m.c.i.e.AbstractTransferListenerAdapter - Downloading https://repo.maven.apache.org/maven2/org/slf4j/slf4j-api/1.7.36/slf4j-api-1.7.36-sources.jar
2025-03-06 21:55:47,711 [Worker-26: Download sources and javadoc] INFO  o.e.m.c.i.e.AbstractTransferListenerAdapter - Downloaded https://repo.maven.apache.org/maven2/org/slf4j/slf4j-api/1.7.36/slf4j-api-1.7.36-sources.jar
2025-03-06 21:55:47,715 [Worker-26: Download sources and javadoc] INFO  o.e.m.j.internal.DownloadSourcesJob - Downloaded sources for org.slf4j:slf4j-api:1.7.36
2025-03-06 21:55:48,034 [Worker-26: Download sources and javadoc] INFO  o.e.m.c.i.e.AbstractTransferListenerAdapter - Downloaded https://repo.maven.apache.org/maven2/com/itextpdf/font-asian/7.2.5/font-asian-7.2.5-sources.jar
2025-03-06 21:55:48,036 [Worker-26: Download sources and javadoc] ERROR o.e.m.j.internal.DownloadSourcesJob - Could not download sources for com.itextpdf:font-asian:7.2.5
org.eclipse.core.runtime.CoreException: Could not resolve artifact com.itextpdf:font-asian:jar:sources:7.2.5
	at org.eclipse.m2e.core.internal.embedder.MavenImpl.lambda$6(MavenImpl.java:584)
	at org.eclipse.m2e.core.internal.embedder.MavenExecutionContext.executeBare(MavenExecutionContext.java:394)
	at org.eclipse.m2e.core.internal.embedder.MavenExecutionContext.execute(MavenExecutionContext.java:228)
	at org.eclipse.m2e.core.internal.embedder.MavenExecutionContext.execute(MavenExecutionContext.java:214)
	at org.eclipse.m2e.core.internal.embedder.MavenImpl.resolve(MavenImpl.java:553)
	at org.eclipse.m2e.core.internal.embedder.MavenImpl.resolve(MavenImpl.java:538)
	at org.eclipse.m2e.jdt.internal.DownloadSourcesJob.download(DownloadSourcesJob.java:308)
	at org.eclipse.m2e.jdt.internal.DownloadSourcesJob.downloadAttachments(DownloadSourcesJob.java:282)
	at org.eclipse.m2e.jdt.internal.DownloadSourcesJob.downloadMaven(DownloadSourcesJob.java:252)
	at org.eclipse.m2e.jdt.internal.DownloadSourcesJob.downloadFilesAndPopulateToUpdate(DownloadSourcesJob.java:220)
	at org.eclipse.m2e.jdt.internal.DownloadSourcesJob.lambda$0(DownloadSourcesJob.java:149)
	at org.eclipse.m2e.core.internal.embedder.MavenExecutionContext.executeBare(MavenExecutionContext.java:394)
	at org.eclipse.m2e.core.internal.embedder.MavenExecutionContext.execute(MavenExecutionContext.java:275)
	at org.eclipse.m2e.core.internal.embedder.MavenExecutionContext.execute(MavenExecutionContext.java:214)
	at org.eclipse.m2e.core.embedder.IMaven.execute(IMaven.java:294)
	at org.eclipse.m2e.jdt.internal.DownloadSourcesJob.run(DownloadSourcesJob.java:149)
	at org.eclipse.core.internal.jobs.Worker.run(Worker.java:63)
2025-03-06 21:55:48,124 [Worker-26: Download sources and javadoc] INFO  o.e.m.c.i.e.AbstractTransferListenerAdapter - Downloading https://repo.maven.apache.org/maven2/com/itextpdf/forms/7.2.5/forms-7.2.5-sources.jar
2025-03-06 21:55:48,167 [Worker-26: Download sources and javadoc] INFO  o.e.m.c.i.e.AbstractTransferListenerAdapter - Downloaded https://repo.maven.apache.org/maven2/com/itextpdf/forms/7.2.5/forms-7.2.5-sources.jar
2025-03-06 21:55:48,171 [Worker-26: Download sources and javadoc] INFO  o.e.m.j.internal.DownloadSourcesJob - Downloaded sources for com.itextpdf:forms:7.2.5
2025-03-06 21:55:48,450 [Worker-26: Download sources and javadoc] INFO  o.e.m.c.i.e.AbstractTransferListenerAdapter - Downloaded https://repo.maven.apache.org/maven2/com/itextpdf/hyph/7.2.5/hyph-7.2.5-sources.jar
2025-03-06 21:55:48,453 [Worker-26: Download sources and javadoc] ERROR o.e.m.j.internal.DownloadSourcesJob - Could not download sources for com.itextpdf:hyph:7.2.5
org.eclipse.core.runtime.CoreException: Could not resolve artifact com.itextpdf:hyph:jar:sources:7.2.5
	at org.eclipse.m2e.core.internal.embedder.MavenImpl.lambda$6(MavenImpl.java:584)
	at org.eclipse.m2e.core.internal.embedder.MavenExecutionContext.executeBare(MavenExecutionContext.java:394)
	at org.eclipse.m2e.core.internal.embedder.MavenExecutionContext.execute(MavenExecutionContext.java:228)
	at org.eclipse.m2e.core.internal.embedder.MavenExecutionContext.execute(MavenExecutionContext.java:214)
	at org.eclipse.m2e.core.internal.embedder.MavenImpl.resolve(MavenImpl.java:553)
	at org.eclipse.m2e.core.internal.embedder.MavenImpl.resolve(MavenImpl.java:538)
	at org.eclipse.m2e.jdt.internal.DownloadSourcesJob.download(DownloadSourcesJob.java:308)
	at org.eclipse.m2e.jdt.internal.DownloadSourcesJob.downloadAttachments(DownloadSourcesJob.java:282)
	at org.eclipse.m2e.jdt.internal.DownloadSourcesJob.downloadMaven(DownloadSourcesJob.java:252)
	at org.eclipse.m2e.jdt.internal.DownloadSourcesJob.downloadFilesAndPopulateToUpdate(DownloadSourcesJob.java:220)
	at org.eclipse.m2e.jdt.internal.DownloadSourcesJob.lambda$0(DownloadSourcesJob.java:149)
	at org.eclipse.m2e.core.internal.embedder.MavenExecutionContext.executeBare(MavenExecutionContext.java:394)
	at org.eclipse.m2e.core.internal.embedder.MavenExecutionContext.execute(MavenExecutionContext.java:275)
	at org.eclipse.m2e.core.internal.embedder.MavenExecutionContext.execute(MavenExecutionContext.java:214)
	at org.eclipse.m2e.core.embedder.IMaven.execute(IMaven.java:294)
	at org.eclipse.m2e.jdt.internal.DownloadSourcesJob.run(DownloadSourcesJob.java:149)
	at org.eclipse.core.internal.jobs.Worker.run(Worker.java:63)
2025-03-06 21:55:48,520 [Worker-26: Download sources and javadoc] INFO  o.e.m.c.i.e.AbstractTransferListenerAdapter - Downloading https://repo.maven.apache.org/maven2/com/itextpdf/io/7.2.5/io-7.2.5-sources.jar
2025-03-06 21:55:48,605 [Worker-26: Download sources and javadoc] INFO  o.e.m.c.i.e.AbstractTransferListenerAdapter - Downloaded https://repo.maven.apache.org/maven2/com/itextpdf/io/7.2.5/io-7.2.5-sources.jar
2025-03-06 21:55:48,610 [Worker-26: Download sources and javadoc] INFO  o.e.m.j.internal.DownloadSourcesJob - Downloaded sources for com.itextpdf:io:7.2.5
2025-03-06 21:55:48,660 [Worker-26: Download sources and javadoc] INFO  o.e.m.c.i.e.AbstractTransferListenerAdapter - Downloading https://repo.maven.apache.org/maven2/com/itextpdf/commons/7.2.5/commons-7.2.5-sources.jar
2025-03-06 21:55:48,685 [Worker-26: Download sources and javadoc] INFO  o.e.m.c.i.e.AbstractTransferListenerAdapter - Downloaded https://repo.maven.apache.org/maven2/com/itextpdf/commons/7.2.5/commons-7.2.5-sources.jar
2025-03-06 21:55:48,690 [Worker-26: Download sources and javadoc] INFO  o.e.m.j.internal.DownloadSourcesJob - Downloaded sources for com.itextpdf:commons:7.2.5
2025-03-06 21:55:48,740 [Worker-26: Download sources and javadoc] INFO  o.e.m.c.i.e.AbstractTransferListenerAdapter - Downloading https://repo.maven.apache.org/maven2/com/itextpdf/kernel/7.2.5/kernel-7.2.5-sources.jar
2025-03-06 21:55:48,831 [Worker-26: Download sources and javadoc] INFO  o.e.m.c.i.e.AbstractTransferListenerAdapter - Downloaded https://repo.maven.apache.org/maven2/com/itextpdf/kernel/7.2.5/kernel-7.2.5-sources.jar
2025-03-06 21:55:48,835 [Worker-26: Download sources and javadoc] INFO  o.e.m.j.internal.DownloadSourcesJob - Downloaded sources for com.itextpdf:kernel:7.2.5
2025-03-06 21:55:48,881 [Worker-26: Download sources and javadoc] INFO  o.e.m.c.i.e.AbstractTransferListenerAdapter - Downloading https://repo.maven.apache.org/maven2/org/bouncycastle/bcpkix-jdk15on/1.70/bcpkix-jdk15on-1.70-sources.jar
2025-03-06 21:55:48,946 [Worker-26: Download sources and javadoc] INFO  o.e.m.c.i.e.AbstractTransferListenerAdapter - Downloaded https://repo.maven.apache.org/maven2/org/bouncycastle/bcpkix-jdk15on/1.70/bcpkix-jdk15on-1.70-sources.jar
2025-03-06 21:55:48,950 [Worker-26: Download sources and javadoc] INFO  o.e.m.j.internal.DownloadSourcesJob - Downloaded sources for org.bouncycastle:bcpkix-jdk15on:1.70
2025-03-06 21:55:48,999 [Worker-26: Download sources and javadoc] INFO  o.e.m.c.i.e.AbstractTransferListenerAdapter - Downloading https://repo.maven.apache.org/maven2/org/bouncycastle/bcutil-jdk15on/1.70/bcutil-jdk15on-1.70-sources.jar
2025-03-06 21:55:49,057 [Worker-26: Download sources and javadoc] INFO  o.e.m.c.i.e.AbstractTransferListenerAdapter - Downloaded https://repo.maven.apache.org/maven2/org/bouncycastle/bcutil-jdk15on/1.70/bcutil-jdk15on-1.70-sources.jar
2025-03-06 21:55:49,062 [Worker-26: Download sources and javadoc] INFO  o.e.m.j.internal.DownloadSourcesJob - Downloaded sources for org.bouncycastle:bcutil-jdk15on:1.70
2025-03-06 21:55:49,116 [Worker-26: Download sources and javadoc] INFO  o.e.m.c.i.e.AbstractTransferListenerAdapter - Downloading https://repo.maven.apache.org/maven2/org/bouncycastle/bcprov-jdk15on/1.70/bcprov-jdk15on-1.70-sources.jar
2025-03-06 21:55:49,280 [Worker-26: Download sources and javadoc] INFO  o.e.m.c.i.e.AbstractTransferListenerAdapter - Downloaded https://repo.maven.apache.org/maven2/org/bouncycastle/bcprov-jdk15on/1.70/bcprov-jdk15on-1.70-sources.jar
2025-03-06 21:55:49,284 [Worker-26: Download sources and javadoc] INFO  o.e.m.j.internal.DownloadSourcesJob - Downloaded sources for org.bouncycastle:bcprov-jdk15on:1.70
2025-03-06 21:55:49,334 [Worker-26: Download sources and javadoc] INFO  o.e.m.c.i.e.AbstractTransferListenerAdapter - Downloading https://repo.maven.apache.org/maven2/com/itextpdf/layout/7.2.5/layout-7.2.5-sources.jar
2025-03-06 21:55:49,425 [Worker-26: Download sources and javadoc] INFO  o.e.m.c.i.e.AbstractTransferListenerAdapter - Downloaded https://repo.maven.apache.org/maven2/com/itextpdf/layout/7.2.5/layout-7.2.5-sources.jar
2025-03-06 21:55:49,430 [Worker-26: Download sources and javadoc] INFO  o.e.m.j.internal.DownloadSourcesJob - Downloaded sources for com.itextpdf:layout:7.2.5
2025-03-06 21:55:49,473 [Worker-26: Download sources and javadoc] INFO  o.e.m.c.i.e.AbstractTransferListenerAdapter - Downloading https://repo.maven.apache.org/maven2/com/itextpdf/pdfa/7.2.5/pdfa-7.2.5-sources.jar
2025-03-06 21:55:49,496 [Worker-26: Download sources and javadoc] INFO  o.e.m.c.i.e.AbstractTransferListenerAdapter - Downloaded https://repo.maven.apache.org/maven2/com/itextpdf/pdfa/7.2.5/pdfa-7.2.5-sources.jar
2025-03-06 21:55:49,501 [Worker-26: Download sources and javadoc] INFO  o.e.m.j.internal.DownloadSourcesJob - Downloaded sources for com.itextpdf:pdfa:7.2.5
2025-03-06 21:55:49,587 [Worker-26: Download sources and javadoc] INFO  o.e.m.c.i.e.AbstractTransferListenerAdapter - Downloading https://repo.maven.apache.org/maven2/com/itextpdf/sign/7.2.5/sign-7.2.5-sources.jar
2025-03-06 21:55:49,611 [Worker-26: Download sources and javadoc] INFO  o.e.m.c.i.e.AbstractTransferListenerAdapter - Downloaded https://repo.maven.apache.org/maven2/com/itextpdf/sign/7.2.5/sign-7.2.5-sources.jar
2025-03-06 21:55:49,615 [Worker-26: Download sources and javadoc] INFO  o.e.m.j.internal.DownloadSourcesJob - Downloaded sources for com.itextpdf:sign:7.2.5
2025-03-06 21:55:49,659 [Worker-26: Download sources and javadoc] INFO  o.e.m.c.i.e.AbstractTransferListenerAdapter - Downloading https://repo.maven.apache.org/maven2/com/itextpdf/styled-xml-parser/7.2.5/styled-xml-parser-7.2.5-sources.jar
2025-03-06 21:55:49,719 [Worker-26: Download sources and javadoc] INFO  o.e.m.c.i.e.AbstractTransferListenerAdapter - Downloaded https://repo.maven.apache.org/maven2/com/itextpdf/styled-xml-parser/7.2.5/styled-xml-parser-7.2.5-sources.jar
2025-03-06 21:55:49,724 [Worker-26: Download sources and javadoc] INFO  o.e.m.j.internal.DownloadSourcesJob - Downloaded sources for com.itextpdf:styled-xml-parser:7.2.5
2025-03-06 21:55:49,778 [Worker-26: Download sources and javadoc] INFO  o.e.m.c.i.e.AbstractTransferListenerAdapter - Downloading https://repo.maven.apache.org/maven2/com/itextpdf/svg/7.2.5/svg-7.2.5-sources.jar
2025-03-06 21:55:49,814 [Worker-26: Download sources and javadoc] INFO  o.e.m.c.i.e.AbstractTransferListenerAdapter - Downloaded https://repo.maven.apache.org/maven2/com/itextpdf/svg/7.2.5/svg-7.2.5-sources.jar
2025-03-06 21:55:49,818 [Worker-26: Download sources and javadoc] INFO  o.e.m.j.internal.DownloadSourcesJob - Downloaded sources for com.itextpdf:svg:7.2.5
2025-03-06 21:55:52,094 [Worker-37: Building] INFO  o.e.m.c.i.l.LifecycleMappingFactory - Using org.eclipse.m2e.jdt.JarLifecycleMapping lifecycle mapping for MavenProject: com.aniket:Demo-Itext:0.0.1-SNAPSHOT @ D:\Aniket\STUDY\GitHub\Data Structures and Algorithms\Demo-Itext\pom.xml.
2025-03-06 21:55:52,252 [Worker-37: Building] INFO  o.a.m.s.f.DefaultMavenResourcesFiltering - skip non existing resourceDirectory D:\Aniket\STUDY\GitHub\Data Structures and Algorithms\Demo-Itext\src\main\resources
2025-03-06 21:55:52,255 [Worker-37: Building] INFO  o.a.m.s.f.DefaultMavenResourcesFiltering - skip non existing resourceDirectory D:\Aniket\STUDY\GitHub\Data Structures and Algorithms\Demo-Itext\src\test\resources
2025-03-06 21:55:54,515 [Worker-37: Building] INFO  o.e.m.c.i.l.LifecycleMappingFactory - Using org.eclipse.m2e.jdt.JarLifecycleMapping lifecycle mapping for MavenProject: com.aniket:Demo-Itext:0.0.1-SNAPSHOT @ D:\Aniket\STUDY\GitHub\Data Structures and Algorithms\Demo-Itext\pom.xml.
2025-03-06 21:55:54,750 [Worker-37: Building] INFO  o.a.m.s.f.DefaultMavenResourcesFiltering - skip non existing resourceDirectory D:\Aniket\STUDY\GitHub\Data Structures and Algorithms\Demo-Itext\src\main\resources
2025-03-06 21:55:54,753 [Worker-37: Building] INFO  o.a.m.s.f.DefaultMavenResourcesFiltering - skip non existing resourceDirectory D:\Aniket\STUDY\GitHub\Data Structures and Algorithms\Demo-Itext\src\test\resources
2025-03-06 21:55:55,964 [Worker-35: Download sources and javadoc] INFO  o.e.m.c.i.e.AbstractTransferListenerAdapter - Downloaded https://repo.maven.apache.org/maven2/com/itextpdf/itext7-core/7.2.5/itext7-core-7.2.5-javadoc.jar
2025-03-06 21:55:55,966 [Worker-35: Download sources and javadoc] ERROR o.e.m.j.internal.DownloadSourcesJob - Could not download javadoc for com.itextpdf:itext7-core:7.2.5
org.eclipse.core.runtime.CoreException: Could not resolve artifact com.itextpdf:itext7-core:jar:javadoc:7.2.5
	at org.eclipse.m2e.core.internal.embedder.MavenImpl.lambda$6(MavenImpl.java:584)
	at org.eclipse.m2e.core.internal.embedder.MavenExecutionContext.executeBare(MavenExecutionContext.java:394)
	at org.eclipse.m2e.core.internal.embedder.MavenExecutionContext.execute(MavenExecutionContext.java:228)
	at org.eclipse.m2e.core.internal.embedder.MavenExecutionContext.execute(MavenExecutionContext.java:214)
	at org.eclipse.m2e.core.internal.embedder.MavenImpl.resolve(MavenImpl.java:553)
	at org.eclipse.m2e.core.internal.embedder.MavenImpl.resolve(MavenImpl.java:538)
	at org.eclipse.m2e.jdt.internal.DownloadSourcesJob.download(DownloadSourcesJob.java:308)
	at org.eclipse.m2e.jdt.internal.DownloadSourcesJob.downloadAttachments(DownloadSourcesJob.java:294)
	at org.eclipse.m2e.jdt.internal.DownloadSourcesJob.downloadMaven(DownloadSourcesJob.java:252)
	at org.eclipse.m2e.jdt.internal.DownloadSourcesJob.downloadFilesAndPopulateToUpdate(DownloadSourcesJob.java:220)
	at org.eclipse.m2e.jdt.internal.DownloadSourcesJob.lambda$0(DownloadSourcesJob.java:149)
	at org.eclipse.m2e.core.internal.embedder.MavenExecutionContext.executeBare(MavenExecutionContext.java:394)
	at org.eclipse.m2e.core.internal.embedder.MavenExecutionContext.execute(MavenExecutionContext.java:275)
	at org.eclipse.m2e.core.internal.embedder.MavenExecutionContext.execute(MavenExecutionContext.java:214)
	at org.eclipse.m2e.core.embedder.IMaven.execute(IMaven.java:294)
	at org.eclipse.m2e.jdt.internal.DownloadSourcesJob.run(DownloadSourcesJob.java:149)
	at org.eclipse.core.internal.jobs.Worker.run(Worker.java:63)
2025-03-06 21:55:56,237 [Worker-35: Download sources and javadoc] INFO  o.e.m.c.i.e.AbstractTransferListenerAdapter - Downloaded https://repo.maven.apache.org/maven2/com/itextpdf/font-asian/7.2.5/font-asian-7.2.5-javadoc.jar
2025-03-06 21:55:56,240 [Worker-35: Download sources and javadoc] ERROR o.e.m.j.internal.DownloadSourcesJob - Could not download javadoc for com.itextpdf:font-asian:7.2.5
org.eclipse.core.runtime.CoreException: Could not resolve artifact com.itextpdf:font-asian:jar:javadoc:7.2.5
	at org.eclipse.m2e.core.internal.embedder.MavenImpl.lambda$6(MavenImpl.java:584)
	at org.eclipse.m2e.core.internal.embedder.MavenExecutionContext.executeBare(MavenExecutionContext.java:394)
	at org.eclipse.m2e.core.internal.embedder.MavenExecutionContext.execute(MavenExecutionContext.java:228)
	at org.eclipse.m2e.core.internal.embedder.MavenExecutionContext.execute(MavenExecutionContext.java:214)
	at org.eclipse.m2e.core.internal.embedder.MavenImpl.resolve(MavenImpl.java:553)
	at org.eclipse.m2e.core.internal.embedder.MavenImpl.resolve(MavenImpl.java:538)
	at org.eclipse.m2e.jdt.internal.DownloadSourcesJob.download(DownloadSourcesJob.java:308)
	at org.eclipse.m2e.jdt.internal.DownloadSourcesJob.downloadAttachments(DownloadSourcesJob.java:294)
	at org.eclipse.m2e.jdt.internal.DownloadSourcesJob.downloadMaven(DownloadSourcesJob.java:252)
	at org.eclipse.m2e.jdt.internal.DownloadSourcesJob.downloadFilesAndPopulateToUpdate(DownloadSourcesJob.java:220)
	at org.eclipse.m2e.jdt.internal.DownloadSourcesJob.lambda$0(DownloadSourcesJob.java:149)
	at org.eclipse.m2e.core.internal.embedder.MavenExecutionContext.executeBare(MavenExecutionContext.java:394)
	at org.eclipse.m2e.core.internal.embedder.MavenExecutionContext.execute(MavenExecutionContext.java:275)
	at org.eclipse.m2e.core.internal.embedder.MavenExecutionContext.execute(MavenExecutionContext.java:214)
	at org.eclipse.m2e.core.embedder.IMaven.execute(IMaven.java:294)
	at org.eclipse.m2e.jdt.internal.DownloadSourcesJob.run(DownloadSourcesJob.java:149)
	at org.eclipse.core.internal.jobs.Worker.run(Worker.java:63)
2025-03-06 21:55:56,563 [Worker-35: Download sources and javadoc] INFO  o.e.m.c.i.e.AbstractTransferListenerAdapter - Downloaded https://repo.maven.apache.org/maven2/com/itextpdf/hyph/7.2.5/hyph-7.2.5-javadoc.jar
2025-03-06 21:55:56,565 [Worker-35: Download sources and javadoc] ERROR o.e.m.j.internal.DownloadSourcesJob - Could not download javadoc for com.itextpdf:hyph:7.2.5
org.eclipse.core.runtime.CoreException: Could not resolve artifact com.itextpdf:hyph:jar:javadoc:7.2.5
	at org.eclipse.m2e.core.internal.embedder.MavenImpl.lambda$6(MavenImpl.java:584)
	at org.eclipse.m2e.core.internal.embedder.MavenExecutionContext.executeBare(MavenExecutionContext.java:394)
	at org.eclipse.m2e.core.internal.embedder.MavenExecutionContext.execute(MavenExecutionContext.java:228)
	at org.eclipse.m2e.core.internal.embedder.MavenExecutionContext.execute(MavenExecutionContext.java:214)
	at org.eclipse.m2e.core.internal.embedder.MavenImpl.resolve(MavenImpl.java:553)
	at org.eclipse.m2e.core.internal.embedder.MavenImpl.resolve(MavenImpl.java:538)
	at org.eclipse.m2e.jdt.internal.DownloadSourcesJob.download(DownloadSourcesJob.java:308)
	at org.eclipse.m2e.jdt.internal.DownloadSourcesJob.downloadAttachments(DownloadSourcesJob.java:294)
	at org.eclipse.m2e.jdt.internal.DownloadSourcesJob.downloadMaven(DownloadSourcesJob.java:252)
	at org.eclipse.m2e.jdt.internal.DownloadSourcesJob.downloadFilesAndPopulateToUpdate(DownloadSourcesJob.java:220)
	at org.eclipse.m2e.jdt.internal.DownloadSourcesJob.lambda$0(DownloadSourcesJob.java:149)
	at org.eclipse.m2e.core.internal.embedder.MavenExecutionContext.executeBare(MavenExecutionContext.java:394)
	at org.eclipse.m2e.core.internal.embedder.MavenExecutionContext.execute(MavenExecutionContext.java:275)
	at org.eclipse.m2e.core.internal.embedder.MavenExecutionContext.execute(MavenExecutionContext.java:214)
	at org.eclipse.m2e.core.embedder.IMaven.execute(IMaven.java:294)
	at org.eclipse.m2e.jdt.internal.DownloadSourcesJob.run(DownloadSourcesJob.java:149)
	at org.eclipse.core.internal.jobs.Worker.run(Worker.java:63)
2025-03-06 21:56:26,138 [Worker-34: Building] INFO  o.e.m.c.i.l.LifecycleMappingFactory - Using org.eclipse.m2e.jdt.JarLifecycleMapping lifecycle mapping for MavenProject: com.aniket:Demo-Itext:0.0.1-SNAPSHOT @ D:\Aniket\STUDY\GitHub\Data Structures and Algorithms\Demo-Itext\pom.xml.
2025-03-06 21:56:26,261 [Worker-34: Building] INFO  o.a.m.s.f.DefaultMavenResourcesFiltering - skip non existing resourceDirectory D:\Aniket\STUDY\GitHub\Data Structures and Algorithms\Demo-Itext\src\main\resources
2025-03-06 21:56:26,264 [Worker-34: Building] INFO  o.a.m.s.f.DefaultMavenResourcesFiltering - skip non existing resourceDirectory D:\Aniket\STUDY\GitHub\Data Structures and Algorithms\Demo-Itext\src\test\resources
2025-03-06 21:56:35,761 [Worker-26: Building] INFO  o.e.m.c.i.l.LifecycleMappingFactory - Using org.eclipse.m2e.jdt.JarLifecycleMapping lifecycle mapping for MavenProject: com.aniket:Demo-Itext:0.0.1-SNAPSHOT @ D:\Aniket\STUDY\GitHub\Data Structures and Algorithms\Demo-Itext\pom.xml.
2025-03-06 21:56:35,894 [Worker-26: Building] INFO  o.a.m.s.f.DefaultMavenResourcesFiltering - skip non existing resourceDirectory D:\Aniket\STUDY\GitHub\Data Structures and Algorithms\Demo-Itext\src\main\resources
2025-03-06 21:56:35,897 [Worker-26: Building] INFO  o.a.m.s.f.DefaultMavenResourcesFiltering - skip non existing resourceDirectory D:\Aniket\STUDY\GitHub\Data Structures and Algorithms\Demo-Itext\src\test\resources
2025-03-06 21:57:31,761 [Worker-28: Updating Maven Project] INFO  o.e.m.c.i.p.ProjectConfigurationManager - Update started
2025-03-06 21:57:31,823 [Worker-28: Updating Maven Project] INFO  o.e.m.c.i.l.LifecycleMappingFactory - Using org.eclipse.m2e.jdt.JarLifecycleMapping lifecycle mapping for MavenProject: com.aniket:Demo-Itext:0.0.1-SNAPSHOT @ D:\Aniket\STUDY\GitHub\Data Structures and Algorithms\Demo-Itext\pom.xml.
2025-03-06 21:57:31,890 [Worker-28: Updating Maven Project] INFO  o.e.m.j.i.AbstractJavaProjectConfigurator - Adding source folder /Demo-Itext/src/main/java
2025-03-06 21:57:31,890 [Worker-28: Updating Maven Project] INFO  o.e.m.j.i.AbstractJavaProjectConfigurator - Adding resource folder /Demo-Itext/src/main/resources
2025-03-06 21:57:31,890 [Worker-28: Updating Maven Project] INFO  o.e.m.j.i.AbstractJavaProjectConfigurator - Adding source folder /Demo-Itext/src/test/java
2025-03-06 21:57:31,890 [Worker-28: Updating Maven Project] INFO  o.e.m.j.i.AbstractJavaProjectConfigurator - Adding resource folder /Demo-Itext/src/test/resources
2025-03-06 21:57:31,974 [Worker-28: Updating Maven Project] INFO  o.e.m.c.i.p.ProjectConfigurationManager - Update completed for 1 poms: local refresh takes 0.00 sec, refresh facades takes 0.00 sec, update config takes 0.00 sec 
2025-03-06 21:57:32,203 [Worker-26: Building] INFO  o.a.m.s.f.DefaultMavenResourcesFiltering - skip non existing resourceDirectory D:\Aniket\STUDY\GitHub\Data Structures and Algorithms\Demo-Itext\src\main\resources
2025-03-06 21:57:32,207 [Worker-26: Building] INFO  o.a.m.s.f.DefaultMavenResourcesFiltering - skip non existing resourceDirectory D:\Aniket\STUDY\GitHub\Data Structures and Algorithms\Demo-Itext\src\test\resources
2025-03-06 21:57:43,262 [Worker-31: Building] INFO  o.a.m.s.f.DefaultMavenResourcesFiltering - skip non existing resourceDirectory D:\Aniket\STUDY\GitHub\Data Structures and Algorithms\Demo-Itext\src\main\resources
2025-03-06 21:57:43,264 [Worker-31: Building] INFO  o.a.m.s.f.DefaultMavenResourcesFiltering - skip non existing resourceDirectory D:\Aniket\STUDY\GitHub\Data Structures and Algorithms\Demo-Itext\src\test\resources
2025-03-06 21:58:47,464 [Worker-36: Building] INFO  o.a.m.s.f.DefaultMavenResourcesFiltering - skip non existing resourceDirectory D:\Aniket\STUDY\GitHub\Data Structures and Algorithms\Demo-Itext\src\main\resources
2025-03-06 21:58:47,466 [Worker-36: Building] INFO  o.a.m.s.f.DefaultMavenResourcesFiltering - skip non existing resourceDirectory D:\Aniket\STUDY\GitHub\Data Structures and Algorithms\Demo-Itext\src\test\resources
2025-03-06 21:59:27,213 [Worker-28: Building] INFO  o.a.m.s.f.DefaultMavenResourcesFiltering - skip non existing resourceDirectory D:\Aniket\STUDY\GitHub\Data Structures and Algorithms\Demo-Itext\src\main\resources
2025-03-06 21:59:27,214 [Worker-28: Building] INFO  o.a.m.s.f.DefaultMavenResourcesFiltering - skip non existing resourceDirectory D:\Aniket\STUDY\GitHub\Data Structures and Algorithms\Demo-Itext\src\test\resources
2025-03-06 21:59:59,102 [Worker-37: Building] INFO  o.a.m.s.f.DefaultMavenResourcesFiltering - skip non existing resourceDirectory D:\Aniket\STUDY\GitHub\Data Structures and Algorithms\Demo-Itext\src\main\resources
2025-03-06 21:59:59,104 [Worker-37: Building] INFO  o.a.m.s.f.DefaultMavenResourcesFiltering - skip non existing resourceDirectory D:\Aniket\STUDY\GitHub\Data Structures and Algorithms\Demo-Itext\src\test\resources
2025-03-06 22:00:08,778 [Worker-33: Updating Maven Project] INFO  o.e.m.c.i.p.ProjectConfigurationManager - Update started
2025-03-06 22:00:08,827 [Worker-33: Updating Maven Project] INFO  o.e.m.c.i.l.LifecycleMappingFactory - Using org.eclipse.m2e.jdt.JarLifecycleMapping lifecycle mapping for MavenProject: com.aniket:Demo-Itext:0.0.1-SNAPSHOT @ D:\Aniket\STUDY\GitHub\Data Structures and Algorithms\Demo-Itext\pom.xml.
2025-03-06 22:00:08,885 [Worker-33: Updating Maven Project] INFO  o.e.m.j.i.AbstractJavaProjectConfigurator - Adding source folder /Demo-Itext/src/main/java
2025-03-06 22:00:08,885 [Worker-33: Updating Maven Project] INFO  o.e.m.j.i.AbstractJavaProjectConfigurator - Adding resource folder /Demo-Itext/src/main/resources
2025-03-06 22:00:08,885 [Worker-33: Updating Maven Project] INFO  o.e.m.j.i.AbstractJavaProjectConfigurator - Adding source folder /Demo-Itext/src/test/java
2025-03-06 22:00:08,885 [Worker-33: Updating Maven Project] INFO  o.e.m.j.i.AbstractJavaProjectConfigurator - Adding resource folder /Demo-Itext/src/test/resources
2025-03-06 22:00:08,941 [Worker-33: Updating Maven Project] INFO  o.e.m.c.i.p.ProjectConfigurationManager - Update completed for 1 poms: local refresh takes 0.00 sec, refresh facades takes 0.00 sec, update config takes 0.00 sec 
2025-03-06 22:00:09,153 [Worker-26: Building] INFO  o.a.m.s.f.DefaultMavenResourcesFiltering - skip non existing resourceDirectory D:\Aniket\STUDY\GitHub\Data Structures and Algorithms\Demo-Itext\src\main\resources
2025-03-06 22:00:09,156 [Worker-26: Building] INFO  o.a.m.s.f.DefaultMavenResourcesFiltering - skip non existing resourceDirectory D:\Aniket\STUDY\GitHub\Data Structures and Algorithms\Demo-Itext\src\test\resources
2025-03-06 22:01:53,265 [Worker-36: Building] INFO  o.e.m.c.i.l.LifecycleMappingFactory - Using org.eclipse.m2e.jdt.JarLifecycleMapping lifecycle mapping for MavenProject: com.aniket:Demo-Itext:0.0.1-SNAPSHOT @ D:\Aniket\STUDY\GitHub\Data Structures and Algorithms\Demo-Itext\pom.xml.
2025-03-06 22:01:53,480 [Worker-36: Building] INFO  o.a.m.s.f.DefaultMavenResourcesFiltering - skip non existing resourceDirectory D:\Aniket\STUDY\GitHub\Data Structures and Algorithms\Demo-Itext\src\main\resources
2025-03-06 22:01:53,483 [Worker-36: Building] INFO  o.a.m.s.f.DefaultMavenResourcesFiltering - skip non existing resourceDirectory D:\Aniket\STUDY\GitHub\Data Structures and Algorithms\Demo-Itext\src\test\resources
2025-03-11 15:18:08,027 [Worker-4: Loading available Gradle versions] INFO  o.e.b.c.i.u.g.PublishedGradleVersions - Gradle version information cache is out-of-date. Trying to update.
